2018-07-28 00:20:13 INFO  TariffFactory:43 - Object created
2018-07-28 00:20:13 INFO  TariffFactory:43 - Object created
2018-07-28 00:20:13 INFO  TariffFactory:43 - Object created
2018-07-28 11:23:26 INFO  TariffFactory:43 - Object created
2018-07-28 11:23:26 INFO  TariffFactory:43 - Object created
2018-07-28 11:23:26 INFO  TariffFactory:43 - Object created
2018-07-28 11:24:18 INFO  TariffFactory:43 - Object created
2018-07-28 11:24:18 INFO  TariffFactory:43 - Object created
2018-07-28 11:24:18 INFO  TariffFactory:43 - Object created
2018-07-29 16:30:53 INFO  DataValidator:32 - Row is not valid
2018-07-29 16:35:03 INFO  DataValidator:32 - Row is not valid
2018-07-29 16:36:54 INFO  DataValidator:32 - Row is not valid
2018-07-29 16:37:49 INFO  DataValidator:32 - Row is not valid
2018-07-29 16:39:02 INFO  DataValidator:32 - Row is not valid
2018-07-29 17:02:08 INFO  DataValidator:32 - Row is not valid
2018-07-29 17:05:48 INFO  DataValidator:22 - Row is not valid
2018-07-29 17:09:00 INFO  DataValidator:22 - Row is  valid
2018-07-29 17:10:06 INFO  DataValidator:22 - Row is  valid
2018-07-29 17:10:06 INFO  TariffFactory:35 - Object created
2018-07-29 18:07:02 INFO  TariffFactory:28 - Object created
2018-07-29 18:10:48 INFO  TariffFactory:28 - Object created
2018-07-29 18:10:58 INFO  TariffFactory:28 - Object created
2018-07-29 18:11:29 INFO  TariffFactory:28 - Object created
2018-07-29 18:14:38 INFO  TariffFactory:28 - Object created
2018-07-29 18:54:44 INFO  TariffFactory:28 - Object created
2018-07-29 18:56:29 INFO  TariffFactory:28 - Object created
2018-07-29 19:02:33 INFO  TariffFactory:28 - Object created
2018-07-29 19:02:33 INFO  TariffFactory:28 - Object created
2018-07-29 19:04:25 INFO  TariffFactory:28 - Object created
2018-07-29 19:04:25 INFO  TariffFactory:28 - Object created
2018-07-29 19:22:35 INFO  TariffFactory:28 - Object created
2018-07-29 19:23:08 INFO  TariffFactory:28 - Object created
2018-07-29 19:36:26 INFO  TariffFactory:28 - Object created
2018-07-29 19:36:47 INFO  TariffFactory:28 - Object created
2018-07-29 19:42:14 INFO  TariffFactory:28 - Object created
2018-07-29 19:42:14 INFO  TariffFactory:28 - Object created
2018-07-29 19:42:51 INFO  TariffFactory:28 - Object created
2018-07-29 19:42:51 INFO  TariffFactory:28 - Object created
2018-07-29 19:48:43 INFO  TariffFactory:28 - Object created
2018-07-29 19:48:43 INFO  TariffFactory:28 - Object created
2018-07-29 19:51:59 INFO  TariffFactory:28 - Object created
2018-07-29 19:51:59 INFO  TariffFactory:28 - Object created
2018-07-29 19:55:49 INFO  TariffFactory:28 - Object created
2018-07-29 19:55:49 INFO  TariffFactory:28 - Object created
2018-07-29 19:55:49 INFO  TariffFactory:28 - Object created
2018-07-29 19:55:49 INFO  ListObCreator:26 - coolStart
2018-07-29 19:55:49 INFO  ListObCreator:26 - good
2018-07-29 19:55:49 INFO  TariffFactory:28 - Object created
2018-07-29 19:55:49 INFO  TariffFactory:28 - Object created
2018-07-29 19:55:49 INFO  TariffFactory:28 - Object created
2018-07-29 19:55:49 INFO  ListObCreator:26 - cool
2018-07-29 19:55:49 INFO  ListObCreator:26 - Sta
2018-07-29 19:55:49 INFO  TariffFactory:28 - Object created
2018-07-29 19:55:49 INFO  TariffFactory:28 - Object created
2018-07-29 19:55:49 INFO  TariffFactory:28 - Object created
2018-07-29 19:55:49 INFO  ListObCreator:26 - Start
2018-07-29 19:55:49 INFO  ListObCreator:26 - ander
2018-07-29 20:10:51 INFO  TariffFactory:28 - Object created
2018-07-29 20:10:51 INFO  TariffFactory:28 - Object created
2018-07-29 20:19:43 INFO  TariffFactory:28 - Object created
2018-07-29 20:19:43 INFO  TariffFactory:28 - Object created
2018-07-29 20:19:43 INFO  TariffFactory:28 - Object created
2018-07-29 20:19:43 INFO  ListObCreator:26 - coolStart
2018-07-29 20:19:43 INFO  ListObCreator:26 - good
2018-07-29 20:19:43 INFO  TariffFactory:28 - Object created
2018-07-29 20:19:43 INFO  TariffFactory:28 - Object created
2018-07-29 20:19:43 INFO  TariffFactory:28 - Object created
2018-07-29 20:19:43 INFO  ListObCreator:26 - cool
2018-07-29 20:19:43 INFO  ListObCreator:26 - Sta
2018-07-29 20:19:43 INFO  TariffFactory:28 - Object created
2018-07-29 20:19:43 INFO  TariffFactory:28 - Object created
2018-07-29 20:19:43 INFO  TariffFactory:28 - Object created
2018-07-29 20:19:43 INFO  ListObCreator:26 - Start
2018-07-29 20:19:43 INFO  ListObCreator:26 - ander
2018-07-29 20:24:51 INFO  TariffFactory:28 - Object created
2018-07-29 20:24:51 INFO  TariffFactory:28 - Object created
2018-07-29 20:24:51 INFO  TariffFactory:28 - Object created
2018-07-29 20:24:51 INFO  ListObCreator:26 - coolStart
2018-07-29 20:24:51 INFO  ListObCreator:26 - good
2018-07-29 20:24:51 INFO  TariffFactory:28 - Object created
2018-07-29 20:24:51 INFO  TariffFactory:28 - Object created
2018-07-29 20:24:51 INFO  TariffFactory:28 - Object created
2018-07-29 20:24:51 INFO  ListObCreator:26 - cool
2018-07-29 20:24:51 INFO  ListObCreator:26 - Sta
2018-07-29 20:24:51 INFO  TariffFactory:28 - Object created
2018-07-29 20:24:51 INFO  TariffFactory:28 - Object created
2018-07-29 20:24:51 INFO  TariffFactory:28 - Object created
2018-07-29 20:24:51 INFO  ListObCreator:26 - Start
2018-07-29 20:24:51 INFO  ListObCreator:26 - ander
2018-07-29 20:29:26 INFO  TariffFactory:28 - Object created
2018-07-29 20:29:26 INFO  TariffFactory:28 - Object created
2018-07-29 20:29:26 INFO  TariffFactory:28 - Object created
2018-07-29 20:32:57 INFO  TariffFactory:28 - Object created
2018-07-29 20:32:57 INFO  TariffFactory:28 - Object created
2018-07-29 20:32:57 INFO  TariffFactory:28 - Object created
2018-07-29 20:37:12 INFO  TariffFactory:28 - Object created
2018-07-29 20:37:12 INFO  TariffFactory:28 - Object created
2018-07-29 20:37:12 INFO  TariffFactory:28 - Object created
2018-07-29 20:42:38 INFO  TariffFactory:28 - Object created
2018-07-29 20:42:38 INFO  TariffFactory:28 - Object created
2018-07-29 20:43:45 INFO  TariffFactory:28 - Object created
2018-07-29 20:43:45 INFO  TariffFactory:28 - Object created
2018-07-29 20:45:43 INFO  TariffFactory:28 - Object created
2018-07-29 20:45:43 INFO  TariffFactory:28 - Object created
2018-07-29 20:49:09 INFO  TariffFactory:28 - Object created
2018-07-29 20:49:09 INFO  TariffFactory:28 - Object created
2018-07-29 20:49:09 INFO  TariffFactory:28 - Object created
2018-07-29 20:52:40 INFO  TariffFactory:28 - Object created
2018-07-29 20:52:40 INFO  TariffFactory:28 - Object created
2018-07-29 20:52:40 ERROR ListObCreator:26 - java.lang.IllegalArgumentException: Type not correct
2018-07-29 20:52:40 INFO  TariffFactory:28 - Object created
2018-07-29 22:01:46 INFO  TariffFactory:28 - Object created
2018-07-29 22:01:46 INFO  TariffFactory:28 - Object created
2018-07-29 22:01:46 ERROR ListObCreator:26 - java.lang.IllegalArgumentException: Type not correct
2018-07-29 22:01:46 INFO  TariffFactory:28 - Object created
2018-07-29 22:02:18 INFO  TariffFactory:28 - Object created
2018-07-29 22:02:18 INFO  TariffFactory:28 - Object created
2018-07-29 22:02:18 ERROR ListObCreator:26 - java.lang.IllegalArgumentException: Type not correct
2018-07-29 22:02:18 INFO  TariffFactory:28 - Object created
2018-07-29 22:06:19 INFO  TariffFactory:28 - Object created
2018-07-29 22:06:19 INFO  TariffFactory:28 - Object created
2018-07-29 22:06:19 ERROR ListObCreator:26 - java.lang.IllegalArgumentException: Type not correct
2018-07-29 22:06:19 INFO  TariffFactory:28 - Object created
2018-07-29 22:07:42 INFO  TariffFactory:28 - Object created
2018-07-29 22:07:42 INFO  TariffFactory:28 - Object created
2018-07-29 22:07:42 ERROR ListObCreator:26 - java.lang.IllegalArgumentException: Type not correct
2018-07-29 22:07:42 INFO  TariffFactory:28 - Object created
2018-07-29 22:08:17 INFO  TariffFactory:28 - Object created
2018-07-29 22:08:17 INFO  TariffFactory:28 - Object created
2018-07-29 22:08:17 ERROR ListObCreator:26 - java.lang.IllegalArgumentException: Type not correct
2018-07-29 22:08:17 INFO  TariffFactory:28 - Object created
2018-07-29 22:08:36 INFO  TariffFactory:28 - Object created
2018-07-29 22:08:36 INFO  TariffFactory:28 - Object created
2018-07-29 22:08:36 ERROR ListObCreator:26 - java.lang.IllegalArgumentException: Type not correct
2018-07-29 22:08:36 INFO  TariffFactory:28 - Object created
2018-07-29 22:49:11 INFO  TariffFactory:28 - Object created
2018-07-29 22:49:11 INFO  TariffFactory:28 - Object created
2018-07-29 22:49:11 ERROR TariffListCreator:26 - java.lang.IllegalArgumentException: Type not correct
2018-07-29 22:49:11 INFO  TariffFactory:28 - Object created
2018-07-29 22:49:24 INFO  TariffFactory:28 - Object created
2018-07-29 22:49:30 INFO  TariffFactory:28 - Object created
2018-07-29 22:49:30 INFO  TariffFactory:28 - Object created
2018-07-29 22:49:30 ERROR TariffListCreator:26 - java.lang.IllegalArgumentException: Type not correct
2018-07-29 22:49:30 INFO  TariffFactory:28 - Object created
